
 stepper : stepper program of the Laboratory of Mechanics in Lille (LML) is intended to make translation displacement using a stepping motor, it uses different GNU libraries (see --info option)

 usage: ./stepper -h -I #help and compilation information
        ./stepper -n 10 -sx 1 -vx 1000 --device-type uControlXYZ #3D linear moving mode
        ./stepper --scan true -nx 10 -sx 1 -vx 1000 -ny 5 -sy 1 -vy 1000 #volume scanning mode
 version: v0.2.2	(other library versions: RS232.v0.3.4)
 compilation date:  (Jan 28 2013, 17:07:01)

    --help           true                     help (or -h option)
    --info           false                    show compilation options (or -I option)
    --device-type    uControlXYZ              type of stepper device
    --device-path    /dev/ttyUSB0             path of stepper device
    --serial-type    serial_system            type of serial device for stepper (i.e. serial_termios or serial_system)
    --reader-device-path /dev/ttyUSB1             path of stepper device
    --reader-serial-type serial_system            type of serial device for stepper (i.e. serial_termios or serial_system)
    -sx              100                      displacement step along X axis (e.g. -10 steps to go backward, i.e. displacement can be positive or negative).
    -sy              100                      displacement step along Y axis.
    -sz              100                      displacement step along Z axis.
    -vx              1000                     displacement velocity along X axis (note: absolute velocity, i.e. could not be negative).
    -vy              1000                     displacement velocity along Y axis.
    -vz              1000                     displacement velocity along Z axis.
    -n               10                       number of displacement in move mode only, i.e. default option (e.g. --scan false option).
    --scan           false                    set volume scanning mode, else default mode is moving mode (i.e. 3D linear movement).
    --jitter         10                       set mechanical jitter to go back to origin for scanning mode only (i.e. reset position with same mechanical direction, could not be negative).
    -nx              10                       number of displacement along X axis (set --scan true option).
    -ny              10                       number of displacement along Y axis (set --scan true option).
    -nz              1                        number of displacement along Z axis (set --scan true option).
    --wait-time      500                      wait time between steps in ms.
    -X               false                    activate GUI (i.e. progress display during scan mode only; set --scan true option).
    --GUI-progress-zoom 100                      GUI progress display zoom.
